INFO:__main__:Initializing agents...
/Users/bhavyan/hackathon/venv2/lib/python3.12/site-packages/google/auth/_default.py:108: UserWarning: Your application has authenticated using end user credentials from Google Cloud SDK without a quota project. You might receive a "quota exceeded" or "API not enabled" error. See the following page for troubleshooting: https://cloud.google.com/docs/authentication/adc-troubleshooting/user-creds. 
  warnings.warn(_CLOUD_SDK_CREDENTIALS_WARNING)
INFO:agents.report_agent:ReportAgent initialized for project ccibt-hack25ww7-743
INFO:__main__:✅ ReportAgent initialized
/Users/bhavyan/hackathon/venv2/lib/python3.12/site-packages/google/auth/_default.py:108: UserWarning: Your application has authenticated using end user credentials from Google Cloud SDK without a quota project. You might receive a "quota exceeded" or "API not enabled" error. See the following page for troubleshooting: https://cloud.google.com/docs/authentication/adc-troubleshooting/user-creds. 
  warnings.warn(_CLOUD_SDK_CREDENTIALS_WARNING)
INFO:agents.plan_agent:PlanAgent initialized for project ccibt-hack25ww7-743
INFO:__main__:✅ PlanAgent initialized
/Users/bhavyan/hackathon/venv2/lib/python3.12/site-packages/google/auth/_default.py:108: UserWarning: Your application has authenticated using end user credentials from Google Cloud SDK without a quota project. You might receive a "quota exceeded" or "API not enabled" error. See the following page for troubleshooting: https://cloud.google.com/docs/authentication/adc-troubleshooting/user-creds. 
  warnings.warn(_CLOUD_SDK_CREDENTIALS_WARNING)
INFO:agents.plan_info_agent:PlanInfoAgent initialized for project ccibt-hack25ww7-743
INFO:__main__:✅ PlanInfoAgent initialized
/Users/bhavyan/hackathon/venv2/lib/python3.12/site-packages/google/auth/_default.py:108: UserWarning: Your application has authenticated using end user credentials from Google Cloud SDK without a quota project. You might receive a "quota exceeded" or "API not enabled" error. See the following page for troubleshooting: https://cloud.google.com/docs/authentication/adc-troubleshooting/user-creds. 
  warnings.warn(_CLOUD_SDK_CREDENTIALS_WARNING)
INFO:agents.balance_agent:BalanceAgent initialized for project ccibt-hack25ww7-743
INFO:__main__:✅ BalanceAgent initialized
/Users/bhavyan/hackathon/src/fastapi-backend.py:710: DeprecationWarning: 
        on_event is deprecated, use lifespan event handlers instead.

        Read more about it in the
        [FastAPI docs for Lifespan Events](https://fastapi.tiangolo.com/advanced/events/).
        
  @app.on_event("startup")
/Users/bhavyan/hackathon/src/fastapi-backend.py:727: DeprecationWarning: 
        on_event is deprecated, use lifespan event handlers instead.

        Read more about it in the
        [FastAPI docs for Lifespan Events](https://fastapi.tiangolo.com/advanced/events/).
        
  @app.on_event("shutdown")

============================================================
🚀 Starting FastAPI Server
============================================================
📍 Local: http://localhost:8080
📚 Docs: http://localhost:8080/docs
🔍 ReDoc: http://localhost:8080/redoc
============================================================

WARNING:  You must pass the application as an import string to enable 'reload' or 'workers'.
